





































































































































































2021-11-01 17:03:10 INFO  .:9 - The For Loop Output Starts here...
2021-11-01 17:03:10 INFO  .:14 - Even Number :20
2021-11-01 17:03:10 INFO  .:14 - Even Number :22
2021-11-01 17:03:10 INFO  .:14 - Even Number :24
2021-11-01 17:03:10 INFO  .:14 - Even Number :26
2021-11-01 17:03:10 INFO  .:14 - Even Number :28
2021-11-01 17:03:10 INFO  .:14 - Even Number :30
2021-11-01 17:03:10 INFO  .:14 - Even Number :32
2021-11-01 17:03:10 INFO  .:14 - Even Number :34
2021-11-01 17:03:10 INFO  .:14 - Even Number :36
2021-11-01 17:03:10 INFO  .:14 - Even Number :38
2021-11-01 17:03:10 INFO  .:14 - Even Number :40
2021-11-01 17:03:10 INFO  .:17 - The For Loop Output Ends here...
2021-11-01 17:03:19 INFO  .:9 - The For Loop Output Starts here...
2021-11-01 17:03:19 INFO  .:14 - Even Number :20
2021-11-01 17:03:19 INFO  .:14 - Even Number :22
2021-11-01 17:03:19 INFO  .:14 - Even Number :24
2021-11-01 17:03:19 INFO  .:14 - Even Number :26
2021-11-01 17:03:19 INFO  .:14 - Even Number :28
2021-11-01 17:03:19 INFO  .:14 - Even Number :30
2021-11-01 17:03:19 INFO  .:14 - Even Number :32
2021-11-01 17:03:19 INFO  .:14 - Even Number :34
2021-11-01 17:03:19 INFO  .:14 - Even Number :36
2021-11-01 17:03:19 INFO  .:14 - Even Number :38
2021-11-01 17:03:19 INFO  .:14 - Even Number :40
2021-11-01 17:03:19 INFO  .:17 - The For Loop Output Ends here...
2021-11-01 17:03:43 INFO  .:9 - The For Loop Output Starts here...
2021-11-01 17:03:43 INFO  .:14 - Even Number :20
2021-11-01 17:03:43 INFO  .:14 - Even Number :22
2021-11-01 17:03:43 INFO  .:14 - Even Number :24
2021-11-01 17:03:43 INFO  .:14 - Even Number :26
2021-11-01 17:03:43 INFO  .:14 - Even Number :28
2021-11-01 17:03:43 INFO  .:14 - Even Number :30
2021-11-01 17:03:43 INFO  .:14 - Even Number :32
2021-11-01 17:03:43 INFO  .:14 - Even Number :34
2021-11-01 17:03:43 INFO  .:14 - Even Number :36
2021-11-01 17:03:43 INFO  .:14 - Even Number :38
2021-11-01 17:03:43 INFO  .:14 - Even Number :40
2021-11-01 17:03:43 INFO  .:17 - The For Loop Output Ends here...
2021-11-01 17:03:49 INFO  .:9 - The For Loop Output Starts here...
2021-11-01 17:03:49 INFO  .:14 - Even Number :20
2021-11-01 17:03:49 INFO  .:14 - Even Number :22
2021-11-01 17:03:49 INFO  .:14 - Even Number :24
2021-11-01 17:03:49 INFO  .:14 - Even Number :26
2021-11-01 17:03:49 INFO  .:14 - Even Number :28
2021-11-01 17:03:49 INFO  .:14 - Even Number :30
2021-11-01 17:03:49 INFO  .:14 - Even Number :32
2021-11-01 17:03:49 INFO  .:14 - Even Number :34
2021-11-01 17:03:49 INFO  .:14 - Even Number :36
2021-11-01 17:03:49 INFO  .:14 - Even Number :38
2021-11-01 17:03:49 INFO  .:14 - Even Number :40
2021-11-01 17:03:49 INFO  .:17 - The For Loop Output Ends here...
2021-11-01 17:04:07 INFO  .:9 - The For Loop Output Starts here...
2021-11-01 17:04:07 INFO  .:14 - Even Number :20
2021-11-01 17:04:07 INFO  .:14 - Even Number :22
2021-11-01 17:04:07 INFO  .:14 - Even Number :24
2021-11-01 17:04:07 INFO  .:14 - Even Number :26
2021-11-01 17:04:07 INFO  .:14 - Even Number :28
2021-11-01 17:04:07 INFO  .:14 - Even Number :30
2021-11-01 17:04:07 INFO  .:14 - Even Number :32
2021-11-01 17:04:07 INFO  .:14 - Even Number :34
2021-11-01 17:04:07 INFO  .:14 - Even Number :36
2021-11-01 17:04:07 INFO  .:14 - Even Number :38
2021-11-01 17:04:07 INFO  .:14 - Even Number :40
2021-11-01 17:04:07 INFO  .:17 - The For Loop Output Ends here...
2021-11-01 17:04:11 INFO  .:9 - The For Loop Output Starts here...
2021-11-01 17:04:11 INFO  .:14 - Even Number :20
2021-11-01 17:04:11 INFO  .:14 - Even Number :22
2021-11-01 17:04:11 INFO  .:14 - Even Number :24
2021-11-01 17:04:11 INFO  .:14 - Even Number :26
2021-11-01 17:04:11 INFO  .:14 - Even Number :28
2021-11-01 17:04:11 INFO  .:14 - Even Number :30
2021-11-01 17:04:11 INFO  .:14 - Even Number :32
2021-11-01 17:04:11 INFO  .:14 - Even Number :34
2021-11-01 17:04:11 INFO  .:14 - Even Number :36
2021-11-01 17:04:11 INFO  .:14 - Even Number :38
2021-11-01 17:04:11 INFO  .:14 - Even Number :40
2021-11-01 17:04:11 INFO  .:17 - The For Loop Output Ends here...
2021-11-01 17:04:12 INFO  .:9 - The For Loop Output Starts here...
2021-11-01 17:04:12 INFO  .:14 - Even Number :20
2021-11-01 17:04:12 INFO  .:14 - Even Number :22
2021-11-01 17:04:12 INFO  .:14 - Even Number :24
2021-11-01 17:04:12 INFO  .:14 - Even Number :26
2021-11-01 17:04:12 INFO  .:14 - Even Number :28
2021-11-01 17:04:12 INFO  .:14 - Even Number :30
2021-11-01 17:04:12 INFO  .:14 - Even Number :32
2021-11-01 17:04:12 INFO  .:14 - Even Number :34
2021-11-01 17:04:12 INFO  .:14 - Even Number :36
2021-11-01 17:04:12 INFO  .:14 - Even Number :38
2021-11-01 17:04:12 INFO  .:14 - Even Number :40
2021-11-01 17:04:12 INFO  .:17 - The For Loop Output Ends here...
2021-11-01 17:04:15 INFO  .:9 - The For Loop Output Starts here...
2021-11-01 17:04:15 INFO  .:14 - Even Number :20
2021-11-01 17:04:15 INFO  .:14 - Even Number :22
2021-11-01 17:04:15 INFO  .:14 - Even Number :24
2021-11-01 17:04:15 INFO  .:14 - Even Number :26
2021-11-01 17:04:15 INFO  .:14 - Even Number :28
2021-11-01 17:04:15 INFO  .:14 - Even Number :30
2021-11-01 17:04:15 INFO  .:14 - Even Number :32
2021-11-01 17:04:15 INFO  .:14 - Even Number :34
2021-11-01 17:04:15 INFO  .:14 - Even Number :36
2021-11-01 17:04:15 INFO  .:14 - Even Number :38
2021-11-01 17:04:15 INFO  .:14 - Even Number :40
2021-11-01 17:04:15 INFO  .:17 - The For Loop Output Ends here...
2021-11-01 17:04:17 INFO  .:9 - The For Loop Output Starts here...
2021-11-01 17:04:17 INFO  .:14 - Even Number :20
2021-11-01 17:04:17 INFO  .:14 - Even Number :22
2021-11-01 17:04:17 INFO  .:9 - The For Loop Output Starts here...
2021-11-01 17:04:17 INFO  .:14 - Even Number :20
2021-11-01 17:04:17 INFO  .:14 - Even Number :22
2021-11-01 17:04:17 INFO  .:14 - Even Number :24
2021-11-01 17:04:17 INFO  .:14 - Even Number :26
2021-11-01 17:04:17 INFO  .:14 - Even Number :28
2021-11-01 17:04:17 INFO  .:14 - Even Number :30
2021-11-01 17:04:17 INFO  .:14 - Even Number :24
2021-11-01 17:04:17 INFO  .:14 - Even Number :32
2021-11-01 17:04:17 INFO  .:14 - Even Number :34
2021-11-01 17:04:17 INFO  .:14 - Even Number :36
2021-11-01 17:04:17 INFO  .:14 - Even Number :38
2021-11-01 17:04:17 INFO  .:14 - Even Number :40
2021-11-01 17:04:17 INFO  .:17 - The For Loop Output Ends here...
2021-11-01 17:04:17 INFO  .:14 - Even Number :26
2021-11-01 17:04:17 INFO  .:14 - Even Number :28
2021-11-01 17:04:17 INFO  .:14 - Even Number :30
2021-11-01 17:04:17 INFO  .:14 - Even Number :32
2021-11-01 17:04:17 INFO  .:14 - Even Number :34
2021-11-01 17:04:17 INFO  .:14 - Even Number :36
2021-11-01 17:04:17 INFO  .:14 - Even Number :38
2021-11-01 17:04:17 INFO  .:14 - Even Number :40
2021-11-01 17:04:17 INFO  .:17 - The For Loop Output Ends here...
2021-11-01 17:04:17 INFO  .:9 - The For Loop Output Starts here...
2021-11-01 17:04:17 INFO  .:14 - Even Number :20
2021-11-01 17:04:17 INFO  .:14 - Even Number :22
2021-11-01 17:04:17 INFO  .:14 - Even Number :24
2021-11-01 17:04:17 INFO  .:14 - Even Number :26
2021-11-01 17:04:17 INFO  .:14 - Even Number :28
2021-11-01 17:04:17 INFO  .:14 - Even Number :30
2021-11-01 17:04:17 INFO  .:9 - The For Loop Output Starts here...
2021-11-01 17:04:17 INFO  .:14 - Even Number :20
2021-11-01 17:04:17 INFO  .:14 - Even Number :22
2021-11-01 17:04:17 INFO  .:14 - Even Number :24
2021-11-01 17:04:17 INFO  .:14 - Even Number :26
2021-11-01 17:04:17 INFO  .:14 - Even Number :28
2021-11-01 17:04:17 INFO  .:14 - Even Number :30
2021-11-01 17:04:17 INFO  .:14 - Even Number :32
2021-11-01 17:04:17 INFO  .:14 - Even Number :34
2021-11-01 17:04:17 INFO  .:14 - Even Number :36
2021-11-01 17:04:17 INFO  .:14 - Even Number :38
2021-11-01 17:04:17 INFO  .:14 - Even Number :40
2021-11-01 17:04:17 INFO  .:17 - The For Loop Output Ends here...
2021-11-01 17:04:17 INFO  .:14 - Even Number :32
2021-11-01 17:04:17 INFO  .:14 - Even Number :34
2021-11-01 17:04:17 INFO  .:14 - Even Number :36
2021-11-01 17:04:17 INFO  .:14 - Even Number :38
2021-11-01 17:04:17 INFO  .:14 - Even Number :40
2021-11-01 17:04:17 INFO  .:17 - The For Loop Output Ends here...
2021-11-01 17:04:17 INFO  .:9 - The For Loop Output Starts here...
2021-11-01 17:04:17 INFO  .:14 - Even Number :20
2021-11-01 17:04:17 INFO  .:14 - Even Number :22
2021-11-01 17:04:17 INFO  .:14 - Even Number :24
2021-11-01 17:04:17 INFO  .:14 - Even Number :26
2021-11-01 17:04:17 INFO  .:14 - Even Number :28
2021-11-01 17:04:17 INFO  .:14 - Even Number :30
2021-11-01 17:04:17 INFO  .:14 - Even Number :32
2021-11-01 17:04:17 INFO  .:14 - Even Number :34
2021-11-01 17:04:17 INFO  .:14 - Even Number :36
2021-11-01 17:04:17 INFO  .:14 - Even Number :38
2021-11-01 17:04:17 INFO  .:14 - Even Number :40
2021-11-01 17:04:17 INFO  .:17 - The For Loop Output Ends here...
2021-11-01 17:04:17 INFO  .:9 - The For Loop Output Starts here...
2021-11-01 17:04:17 INFO  .:14 - Even Number :20
2021-11-01 17:04:17 INFO  .:14 - Even Number :22
2021-11-01 17:04:17 INFO  .:14 - Even Number :24
2021-11-01 17:04:17 INFO  .:14 - Even Number :26
2021-11-01 17:04:17 INFO  .:14 - Even Number :28
2021-11-01 17:04:17 INFO  .:14 - Even Number :30
2021-11-01 17:04:17 INFO  .:14 - Even Number :32
2021-11-01 17:04:17 INFO  .:14 - Even Number :34
2021-11-01 17:04:17 INFO  .:14 - Even Number :36
2021-11-01 17:04:17 INFO  .:14 - Even Number :38
2021-11-01 17:04:17 INFO  .:14 - Even Number :40
2021-11-01 17:04:17 INFO  .:17 - The For Loop Output Ends here...
2021-11-01 17:04:17 INFO  .:9 - The For Loop Output Starts here...
2021-11-01 17:04:17 INFO  .:14 - Even Number :20
2021-11-01 17:04:17 INFO  .:14 - Even Number :22
2021-11-01 17:04:17 INFO  .:14 - Even Number :24
2021-11-01 17:04:17 INFO  .:14 - Even Number :26
2021-11-01 17:04:17 INFO  .:14 - Even Number :28
2021-11-01 17:04:17 INFO  .:14 - Even Number :30
2021-11-01 17:04:17 INFO  .:14 - Even Number :32
2021-11-01 17:04:17 INFO  .:14 - Even Number :34
2021-11-01 17:04:17 INFO  .:14 - Even Number :36
2021-11-01 17:04:17 INFO  .:14 - Even Number :38
2021-11-01 17:04:17 INFO  .:14 - Even Number :40
2021-11-01 17:04:17 INFO  .:17 - The For Loop Output Ends here...
2021-11-01 17:04:42 INFO  .:9 - The For Loop Output Starts here...
2021-11-01 17:04:42 INFO  .:14 - Even Number :20
2021-11-01 17:04:42 INFO  .:14 - Even Number :22
2021-11-01 17:04:42 INFO  .:14 - Even Number :24
2021-11-01 17:04:42 INFO  .:14 - Even Number :26
2021-11-01 17:04:42 INFO  .:14 - Even Number :28
2021-11-01 17:04:42 INFO  .:14 - Even Number :30
2021-11-01 17:04:42 INFO  .:14 - Even Number :32
2021-11-01 17:04:42 INFO  .:14 - Even Number :34
2021-11-01 17:04:42 INFO  .:14 - Even Number :36
2021-11-01 17:04:42 INFO  .:14 - Even Number :38
2021-11-01 17:04:42 INFO  .:14 - Even Number :40
2021-11-01 17:04:42 INFO  .:17 - The For Loop Output Ends here...
2021-11-01 17:05:24 INFO  .:9 - The For Loop Output Starts here...
2021-11-01 17:05:24 INFO  .:14 - Even Number :20
2021-11-01 17:05:24 INFO  .:14 - Even Number :22
2021-11-01 17:05:24 INFO  .:14 - Even Number :24
2021-11-01 17:05:24 INFO  .:14 - Even Number :26
2021-11-01 17:05:24 INFO  .:14 - Even Number :28
2021-11-01 17:05:24 INFO  .:14 - Even Number :30
2021-11-01 17:05:24 INFO  .:14 - Even Number :32
2021-11-01 17:05:24 INFO  .:14 - Even Number :34
2021-11-01 17:05:24 INFO  .:14 - Even Number :36
2021-11-01 17:05:24 INFO  .:14 - Even Number :38
2021-11-01 17:05:24 INFO  .:14 - Even Number :40
2021-11-01 17:05:24 INFO  .:17 - The For Loop Output Ends here...
2021-11-01 17:05:31 INFO  .:9 - The For Loop Output Starts here...
2021-11-01 17:05:31 INFO  .:14 - Even Number :20
2021-11-01 17:05:31 INFO  .:14 - Even Number :22
2021-11-01 17:05:31 INFO  .:14 - Even Number :24
2021-11-01 17:05:31 INFO  .:14 - Even Number :26
2021-11-01 17:05:31 INFO  .:14 - Even Number :28
2021-11-01 17:05:31 INFO  .:14 - Even Number :30
2021-11-01 17:05:31 INFO  .:14 - Even Number :32
2021-11-01 17:05:31 INFO  .:14 - Even Number :34
2021-11-01 17:05:31 INFO  .:14 - Even Number :36
2021-11-01 17:05:31 INFO  .:14 - Even Number :38
2021-11-01 17:05:31 INFO  .:14 - Even Number :40
2021-11-01 17:05:31 INFO  .:17 - The For Loop Output Ends here...
2021-11-01 17:05:34 INFO  .:9 - The For Loop Output Starts here...
2021-11-01 17:05:34 INFO  .:14 - Even Number :20
2021-11-01 17:05:34 INFO  .:14 - Even Number :22
2021-11-01 17:05:34 INFO  .:14 - Even Number :24
2021-11-01 17:05:34 INFO  .:14 - Even Number :26
2021-11-01 17:05:34 INFO  .:14 - Even Number :28
2021-11-01 17:05:34 INFO  .:14 - Even Number :30
2021-11-01 17:05:34 INFO  .:14 - Even Number :32
2021-11-01 17:05:34 INFO  .:14 - Even Number :34
2021-11-01 17:05:34 INFO  .:14 - Even Number :36
2021-11-01 17:05:34 INFO  .:14 - Even Number :38
2021-11-01 17:05:34 INFO  .:14 - Even Number :40
2021-11-01 17:05:34 INFO  .:17 - The For Loop Output Ends here...
2021-11-01 17:05:35 INFO  .:9 - The For Loop Output Starts here...
2021-11-01 17:05:35 INFO  .:14 - Even Number :20
2021-11-01 17:05:35 INFO  .:14 - Even Number :22
2021-11-01 17:05:35 INFO  .:14 - Even Number :24
2021-11-01 17:05:35 INFO  .:14 - Even Number :26
2021-11-01 17:05:35 INFO  .:14 - Even Number :28
2021-11-01 17:05:35 INFO  .:14 - Even Number :30
2021-11-01 17:05:35 INFO  .:14 - Even Number :32
2021-11-01 17:05:35 INFO  .:14 - Even Number :34
2021-11-01 17:05:35 INFO  .:14 - Even Number :36
2021-11-01 17:05:35 INFO  .:14 - Even Number :38
2021-11-01 17:05:35 INFO  .:14 - Even Number :40
2021-11-01 17:05:35 INFO  .:17 - The For Loop Output Ends here...
2021-11-01 17:05:38 INFO  .:9 - The For Loop Output Starts here...
2021-11-01 17:05:38 INFO  .:14 - Even Number :20
2021-11-01 17:05:38 INFO  .:14 - Even Number :22
2021-11-01 17:05:38 INFO  .:9 - The For Loop Output Starts here...
2021-11-01 17:05:38 INFO  .:14 - Even Number :24
2021-11-01 17:05:38 INFO  .:14 - Even Number :26
2021-11-01 17:05:38 INFO  .:9 - The For Loop Output Starts here...
2021-11-01 17:05:38 INFO  .:14 - Even Number :28
2021-11-01 17:05:38 INFO  .:14 - Even Number :20
2021-11-01 17:05:38 INFO  .:14 - Even Number :30
2021-11-01 17:05:38 INFO  .:14 - Even Number :22
2021-11-01 17:05:38 INFO  .:14 - Even Number :24
2021-11-01 17:05:38 INFO  .:14 - Even Number :20
2021-11-01 17:05:38 INFO  .:14 - Even Number :26
2021-11-01 17:05:38 INFO  .:14 - Even Number :28
2021-11-01 17:05:38 INFO  .:14 - Even Number :30
2021-11-01 17:05:38 INFO  .:14 - Even Number :22
2021-11-01 17:05:38 INFO  .:14 - Even Number :24
2021-11-01 17:05:38 INFO  .:14 - Even Number :26
2021-11-01 17:05:38 INFO  .:14 - Even Number :28
2021-11-01 17:05:38 INFO  .:14 - Even Number :30
2021-11-01 17:05:38 INFO  .:14 - Even Number :32
2021-11-01 17:05:38 INFO  .:14 - Even Number :34
2021-11-01 17:05:38 INFO  .:14 - Even Number :32
2021-11-01 17:05:38 INFO  .:14 - Even Number :36
2021-11-01 17:05:38 INFO  .:14 - Even Number :34
2021-11-01 17:05:38 INFO  .:14 - Even Number :38
2021-11-01 17:05:38 INFO  .:14 - Even Number :40
2021-11-01 17:05:38 INFO  .:14 - Even Number :36
2021-11-01 17:05:38 INFO  .:17 - The For Loop Output Ends here...
2021-11-01 17:05:38 INFO  .:14 - Even Number :38
2021-11-01 17:05:38 INFO  .:14 - Even Number :40
2021-11-01 17:05:38 INFO  .:17 - The For Loop Output Ends here...
2021-11-01 17:05:38 INFO  .:14 - Even Number :32
2021-11-01 17:05:38 INFO  .:14 - Even Number :34
2021-11-01 17:05:38 INFO  .:14 - Even Number :36
2021-11-01 17:05:38 INFO  .:14 - Even Number :38
2021-11-01 17:05:38 INFO  .:14 - Even Number :40
2021-11-01 17:05:38 INFO  .:17 - The For Loop Output Ends here...
2021-11-01 17:05:38 INFO  .:9 - The For Loop Output Starts here...
2021-11-01 17:05:38 INFO  .:14 - Even Number :20
2021-11-01 17:05:38 INFO  .:14 - Even Number :22
2021-11-01 17:05:38 INFO  .:14 - Even Number :24
2021-11-01 17:05:38 INFO  .:14 - Even Number :26
2021-11-01 17:05:38 INFO  .:14 - Even Number :28
2021-11-01 17:05:38 INFO  .:14 - Even Number :30
2021-11-01 17:05:38 INFO  .:14 - Even Number :32
2021-11-01 17:05:38 INFO  .:14 - Even Number :34
2021-11-01 17:05:38 INFO  .:14 - Even Number :36
2021-11-01 17:05:38 INFO  .:14 - Even Number :38
2021-11-01 17:05:38 INFO  .:14 - Even Number :40
2021-11-01 17:05:38 INFO  .:17 - The For Loop Output Ends here...
2021-11-01 17:05:38 INFO  .:9 - The For Loop Output Starts here...
2021-11-01 17:05:38 INFO  .:14 - Even Number :20
2021-11-01 17:05:38 INFO  .:14 - Even Number :22
2021-11-01 17:05:38 INFO  .:14 - Even Number :24
2021-11-01 17:05:38 INFO  .:14 - Even Number :26
2021-11-01 17:05:38 INFO  .:14 - Even Number :28
2021-11-01 17:05:38 INFO  .:14 - Even Number :30
2021-11-01 17:05:38 INFO  .:14 - Even Number :32
2021-11-01 17:05:38 INFO  .:14 - Even Number :34
2021-11-01 17:05:38 INFO  .:14 - Even Number :36
2021-11-01 17:05:38 INFO  .:14 - Even Number :38
2021-11-01 17:05:38 INFO  .:14 - Even Number :40
2021-11-01 17:05:38 INFO  .:17 - The For Loop Output Ends here...
2021-11-01 17:05:41 INFO  .:9 - The For Loop Output Starts here...
2021-11-01 17:05:41 INFO  .:14 - Even Number :20
2021-11-01 17:05:41 INFO  .:14 - Even Number :22
2021-11-01 17:05:41 INFO  .:14 - Even Number :24
2021-11-01 17:05:41 INFO  .:14 - Even Number :26
2021-11-01 17:05:41 INFO  .:14 - Even Number :28
2021-11-01 17:05:41 INFO  .:14 - Even Number :30
2021-11-01 17:05:41 INFO  .:14 - Even Number :32
2021-11-01 17:05:41 INFO  .:14 - Even Number :34
2021-11-01 17:05:41 INFO  .:14 - Even Number :36
2021-11-01 17:05:41 INFO  .:14 - Even Number :38
2021-11-01 17:05:41 INFO  .:14 - Even Number :40
2021-11-01 17:05:41 INFO  .:17 - The For Loop Output Ends here...
2021-11-01 17:05:41 INFO  .:9 - The For Loop Output Starts here...
2021-11-01 17:05:41 INFO  .:14 - Even Number :20
2021-11-01 17:05:41 INFO  .:14 - Even Number :22
2021-11-01 17:05:41 INFO  .:14 - Even Number :24
2021-11-01 17:05:41 INFO  .:14 - Even Number :26
2021-11-01 17:05:41 INFO  .:14 - Even Number :28
2021-11-01 17:05:41 INFO  .:14 - Even Number :30
2021-11-01 17:05:41 INFO  .:14 - Even Number :32
2021-11-01 17:05:41 INFO  .:14 - Even Number :34
2021-11-01 17:05:41 INFO  .:14 - Even Number :36
2021-11-01 17:05:41 INFO  .:14 - Even Number :38
2021-11-01 17:05:41 INFO  .:14 - Even Number :40
2021-11-01 17:05:41 INFO  .:17 - The For Loop Output Ends here...
2021-11-01 17:05:41 INFO  .:9 - The For Loop Output Starts here...
2021-11-01 17:05:41 INFO  .:14 - Even Number :20
2021-11-01 17:05:41 INFO  .:14 - Even Number :22
2021-11-01 17:05:41 INFO  .:14 - Even Number :24
2021-11-01 17:05:41 INFO  .:14 - Even Number :26
2021-11-01 17:05:41 INFO  .:14 - Even Number :28
2021-11-01 17:05:41 INFO  .:14 - Even Number :30
2021-11-01 17:05:41 INFO  .:14 - Even Number :32
2021-11-01 17:05:41 INFO  .:14 - Even Number :34
2021-11-01 17:05:41 INFO  .:14 - Even Number :36
2021-11-01 17:05:41 INFO  .:14 - Even Number :38
2021-11-01 17:05:41 INFO  .:14 - Even Number :40
2021-11-01 17:05:41 INFO  .:17 - The For Loop Output Ends here...
2021-11-01 17:05:48 INFO  .:9 - The For Loop Output Starts here...
2021-11-01 17:05:48 INFO  .:14 - Even Number :20
2021-11-01 17:05:48 INFO  .:14 - Even Number :22
2021-11-01 17:05:48 INFO  .:14 - Even Number :24
2021-11-01 17:05:48 INFO  .:14 - Even Number :26
2021-11-01 17:05:48 INFO  .:14 - Even Number :28
2021-11-01 17:05:48 INFO  .:14 - Even Number :30
2021-11-01 17:05:48 INFO  .:14 - Even Number :32
2021-11-01 17:05:48 INFO  .:14 - Even Number :34
2021-11-01 17:05:48 INFO  .:14 - Even Number :36
2021-11-01 17:05:48 INFO  .:14 - Even Number :38
2021-11-01 17:05:48 INFO  .:14 - Even Number :40
2021-11-01 17:05:48 INFO  .:17 - The For Loop Output Ends here...
2021-11-01 17:50:02 INFO  Web-Automaton:9 - The For Loop Output Starts here...
2021-11-01 17:50:02 INFO  Web-Automaton:14 - Even Number :20
2021-11-01 17:50:02 INFO  Web-Automaton:14 - Even Number :22
2021-11-01 17:50:02 INFO  Web-Automaton:14 - Even Number :24
2021-11-01 17:50:02 INFO  Web-Automaton:14 - Even Number :26
2021-11-01 17:50:02 INFO  Web-Automaton:14 - Even Number :28
2021-11-01 17:50:02 INFO  Web-Automaton:14 - Even Number :30
2021-11-01 17:50:02 INFO  Web-Automaton:14 - Even Number :32
2021-11-01 17:50:02 INFO  Web-Automaton:14 - Even Number :34
2021-11-01 17:50:02 INFO  Web-Automaton:14 - Even Number :36
2021-11-01 17:50:02 INFO  Web-Automaton:14 - Even Number :38
2021-11-01 17:50:02 INFO  Web-Automaton:14 - Even Number :40
2021-11-01 17:50:02 INFO  Web-Automaton:17 - The For Loop Output Ends here...
